<?xml version="1.0" encoding="UTF-8"?>
<testsuite name="tests.SearchPageTests" tests="1" skipped="0" failures="0" errors="0" timestamp="2021-02-02T12:18:04" hostname="WIN-6QA47BH64CT" time="2.931">
  <properties/>
  <testcase name="loginTestFlow" classname="tests.SearchPageTests" time="2.931"/>
  <system-out><![CDATA[]]></system-out>
  <system-err><![CDATA[SLF4J: Failed to load class "org.slf4j.impl.StaticLoggerBinder".
SLF4J: Defaulting to no-operation (NOP) logger implementation
SLF4J: See http://www.slf4j.org/codes.html#StaticLoggerBinder for further details.
Starting ChromeDriver 88.0.4324.96 (68dba2d8a0b149a1d3afac56fa74648032bcf46b-refs/branch-heads/4324@{#1784}) on port 31046
Only local connections are allowed.
Please see https://chromedriver.chromium.org/security-considerations for suggestions on keeping ChromeDriver safe.
ChromeDriver was started successfully.
февр. 02, 2021 2:18:06 PM org.openqa.selenium.remote.ProtocolHandshake createSession
INFO: Detected dialect: W3C
]]></system-err>
</testsuite>
